<?xml version="1.0" encoding="UTF-8"?>
<!-- Generated by org.testng.reporters.JUnitReportReporter -->
<testsuite hostname="DESKTOP-V9CC1OR" failures="0" tests="1" name="com.demo.one" time="0.010" errors="0" timestamp="2024-01-18T14:08:13 IST" skipped="0">
  <testcase classname="com.demo.one" name="first" time="0.010"/>
  <system-out/>
</testsuite> <!-- com.demo.one -->
